<?xml version="1.0" encoding="UTF-8"?>
<testsuites name="jest tests" tests="6" failures="0" errors="0" time="1.268">
  <testsuite name="Note API Integration Tests" errors="0" failures="0" skipped="0" timestamp="2024-08-13T05:23:35" time="1.062" tests="6">
    <testcase classname="Note API Integration Tests Add Note Should add a new note and redirect to homepage" name="Note API Integration Tests Add Note Should add a new note and redirect to homepage" time="0.142">
    </testcase>
    <testcase classname="Note API Integration Tests Add Note Should not add a note without a title" name="Note API Integration Tests Add Note Should not add a note without a title" time="0.012">
    </testcase>
    <testcase classname="Note API Integration Tests Add Note Should not add a note without content" name="Note API Integration Tests Add Note Should not add a note without content" time="0.008">
    </testcase>
    <testcase classname="Note API Integration Tests Toggle Note Importance Should toggle the importance of a note" name="Note API Integration Tests Toggle Note Importance Should toggle the importance of a note" time="0.035">
    </testcase>
    <testcase classname="Note API Integration Tests Delete Note Should delete a note and redirect to homepage" name="Note API Integration Tests Delete Note Should delete a note and redirect to homepage" time="0.015">
    </testcase>
    <testcase classname="Note API Integration Tests Get Notes Should get all notes" name="Note API Integration Tests Get Notes Should get all notes" time="0.019">
    </testcase>
  </testsuite>
</testsuites>